INFO:root:Fri Apr  3 16:13:37 2020
INFO:root:Turbulence...

INFO:root:2: Plane ff is flying with roll angle: 55.46666723730173
INFO:root:Correcting...
2: Plane ff is flying with roll angle: 6.10133339610319
INFO:root:Fri Apr  3 16:13:37 2020
INFO:root:Turbulence...

INFO:root:2: Plane rr is flying with roll angle: 88.6295375564976
INFO:root:Correcting...
2: Plane rr is flying with roll angle: 2.6588861266949277
INFO:root:Fri Apr  3 16:13:39 2020
INFO:root:Turbulence...

INFO:root:3: Plane ff is flying with roll angle: -93.33936386139463
INFO:root:Correcting...
4: Plane ff is flying with roll angle: -21.46805368812077
INFO:root:Fri Apr  3 16:13:39 2020
INFO:root:Turbulence...

INFO:root:3: Plane rr is flying with roll angle: -56.40534989987428
INFO:root:Correcting...
4: Plane rr is flying with roll angle: -5.640534989987429
INFO:root:Fri Apr  3 16:13:41 2020
INFO:root:Turbulence...

INFO:root:5: Plane ff is flying with roll angle: -96.58025844019545
INFO:root:Correcting...
5: Plane ff is flying with roll angle: -11.589631012823453
INFO:root:Fri Apr  3 16:13:41 2020
INFO:root:Turbulence...

INFO:root:5: Plane rr is flying with roll angle: -55.88605807400925
INFO:root:Correcting...
5: Plane rr is flying with roll angle: -4.47088464592074
